<?xml version="1.0" encoding="UTF-8"?>
<coverage generated="1493129550310" clover="3.2.0">
  <project timestamp="1493129550310" name="All files">
    <metrics statements="62" coveredstatements="38" conditionals="6" coveredconditionals="3" methods="33" coveredmethods="12" elements="101" coveredelements="53" complexity="0" loc="62" ncloc="62" packages="2" files="4" classes="4">
      <package name="components">
        <metrics statements="35" coveredstatements="25" conditionals="6" coveredconditionals="3" methods="19" coveredmethods="11"/>
        <file name="Loading.js" path="/Users/pavelluz/webDev/ReactTraining/github-battleV2/app/components/Loading.js">
          <metrics statements="14" coveredstatements="8" conditionals="2" coveredconditionals="0" methods="7" coveredmethods="3"/>
          <line num="4" count="1" type="stmt"/>
          <line num="12" count="2" type="stmt"/>
          <line num="14" count="2" type="stmt"/>
          <line num="20" count="2" type="stmt"/>
          <line num="21" count="2" type="stmt"/>
          <line num="22" count="0" type="cond" truecount="0" falsecount="2"/>
          <line num="23" count="0" type="stmt"/>
          <line num="24" count="0" type="stmt"/>
          <line num="28" count="0" type="stmt"/>
          <line num="29" count="0" type="stmt"/>
          <line num="36" count="0" type="stmt"/>
          <line num="39" count="4" type="stmt"/>
          <line num="47" count="1" type="stmt"/>
          <line num="51" count="1" type="stmt"/>
        </file>
        <file name="PlayerPreview.js" path="/Users/pavelluz/webDev/ReactTraining/github-battleV2/app/components/PlayerPreview.js">
          <metrics statements="3" coveredstatements="3" conditionals="0" coveredconditionals="0" methods="1" coveredmethods="1"/>
          <line num="4" count="1" type="stmt"/>
          <line num="5" count="2" type="stmt"/>
          <line num="20" count="1" type="stmt"/>
        </file>
        <file name="Popular.js" path="/Users/pavelluz/webDev/ReactTraining/github-battleV2/app/components/Popular.js">
          <metrics statements="18" coveredstatements="14" conditionals="4" coveredconditionals="3" methods="11" coveredmethods="7"/>
          <line num="7" count="1" type="stmt"/>
          <line num="8" count="0" type="stmt"/>
          <line num="10" count="0" type="stmt"/>
          <line num="34" count="1" type="stmt"/>
          <line num="37" count="1" type="stmt"/>
          <line num="38" count="4" type="stmt"/>
          <line num="39" count="4" type="stmt"/>
          <line num="42" count="24" type="stmt"/>
          <line num="54" count="1" type="stmt"/>
          <line num="62" count="2" type="stmt"/>
          <line num="63" count="2" type="stmt"/>
          <line num="68" count="2" type="stmt"/>
          <line num="73" count="2" type="stmt"/>
          <line num="78" count="2" type="stmt"/>
          <line num="80" count="2" type="stmt"/>
          <line num="82" count="0" type="stmt"/>
          <line num="83" count="0" type="stmt"/>
          <line num="93" count="4" type="stmt"/>
        </file>
      </package>
      <package name="utils">
        <metrics statements="27" coveredstatements="13" conditionals="0" coveredconditionals="0" methods="14" coveredmethods="1"/>
        <file name="api.js" path="/Users/pavelluz/webDev/ReactTraining/github-battleV2/app/utils/api.js">
          <metrics statements="27" coveredstatements="13" conditionals="0" coveredconditionals="0" methods="14" coveredmethods="1"/>
          <line num="1" count="1" type="stmt"/>
          <line num="3" count="1" type="stmt"/>
          <line num="4" count="1" type="stmt"/>
          <line num="5" count="1" type="stmt"/>
          <line num="7" count="1" type="stmt"/>
          <line num="8" count="0" type="stmt"/>
          <line num="10" count="0" type="stmt"/>
          <line num="12" count="1" type="stmt"/>
          <line num="13" count="0" type="stmt"/>
          <line num="21" count="1" type="stmt"/>
          <line num="22" count="0" type="stmt"/>
          <line num="24" count="1" type="stmt"/>
          <line num="25" count="0" type="stmt"/>
          <line num="26" count="0" type="stmt"/>
          <line num="28" count="0" type="stmt"/>
          <line num="31" count="1" type="stmt"/>
          <line num="32" count="0" type="stmt"/>
          <line num="33" count="0" type="stmt"/>
          <line num="36" count="1" type="stmt"/>
          <line num="37" count="0" type="stmt"/>
          <line num="38" count="0" type="stmt"/>
          <line num="39" count="0" type="stmt"/>
          <line num="41" count="0" type="stmt"/>
          <line num="47" count="1" type="stmt"/>
          <line num="51" count="0" type="stmt"/>
          <line num="54" count="2" type="stmt"/>
          <line num="60" count="2" type="stmt"/>
        </file>
      </package>
    </metrics>
  </project>
</coverage>
