{"/Users/pavelluz/webDev/ReactTraining/github-battleV2/app/components/Loading.js": {"path":"/Users/pavelluz/webDev/ReactTraining/github-battleV2/app/components/Loading.js","statementMap":{"0":{"start":{"line":4,"column":15},"end":{"line":9,"column":1}},"1":{"start":{"line":12,"column":4},"end":{"line":12,"column":17}},"2":{"start":{"line":14,"column":4},"end":{"line":16,"column":6}},"3":{"start":{"line":20,"column":20},"end":{"line":20,"column":43}},"4":{"start":{"line":21,"column":4},"end":{"line":33,"column":24}},"5":{"start":{"line":22,"column":6},"end":{"line":31,"column":7}},"6":{"start":{"line":23,"column":8},"end":{"line":25,"column":8}},"7":{"start":{"line":24,"column":11},"end":{"line":24,"column":34}},"8":{"start":{"line":28,"column":8},"end":{"line":30,"column":10}},"9":{"start":{"line":29,"column":11},"end":{"line":29,"column":39}},"10":{"start":{"line":36,"column":4},"end":{"line":36,"column":39}},"11":{"start":{"line":39,"column":4},"end":{"line":43,"column":6}},"12":{"start":{"line":47,"column":0},"end":{"line":50,"column":2}},"13":{"start":{"line":51,"column":0},"end":{"line":54,"column":2}}},"fnMap":{"0":{"name":"(anonymous_0)","decl":{"start":{"line":11,"column":2},"end":{"line":11,"column":3}},"loc":{"start":{"line":11,"column":21},"end":{"line":17,"column":3}},"line":11},"1":{"name":"(anonymous_1)","decl":{"start":{"line":19,"column":2},"end":{"line":19,"column":3}},"loc":{"start":{"line":19,"column":22},"end":{"line":34,"column":3}},"line":19},"2":{"name":"(anonymous_2)","decl":{"start":{"line":21,"column":39},"end":{"line":21,"column":40}},"loc":{"start":{"line":21,"column":45},"end":{"line":33,"column":5}},"line":21},"3":{"name":"(anonymous_3)","decl":{"start":{"line":23,"column":22},"end":{"line":23,"column":23}},"loc":{"start":{"line":24,"column":11},"end":{"line":24,"column":34}},"line":24},"4":{"name":"(anonymous_4)","decl":{"start":{"line":28,"column":22},"end":{"line":28,"column":23}},"loc":{"start":{"line":29,"column":11},"end":{"line":29,"column":39}},"line":29},"5":{"name":"(anonymous_5)","decl":{"start":{"line":35,"column":2},"end":{"line":35,"column":3}},"loc":{"start":{"line":35,"column":25},"end":{"line":37,"column":3}},"line":35},"6":{"name":"(anonymous_6)","decl":{"start":{"line":38,"column":2},"end":{"line":38,"column":3}},"loc":{"start":{"line":38,"column":11},"end":{"line":44,"column":3}},"line":38}},"branchMap":{"0":{"loc":{"start":{"line":22,"column":6},"end":{"line":31,"column":7}},"type":"if","locations":[{"start":{"line":22,"column":6},"end":{"line":31,"column":7}},{"start":{"line":22,"column":6},"end":{"line":31,"column":7}}],"line":22}},"s":{"0":1,"1":2,"2":2,"3":2,"4":2,"5":0,"6":0,"7":0,"8":0,"9":0,"10":0,"11":4,"12":1,"13":1},"f":{"0":2,"1":2,"2":0,"3":0,"4":0,"5":0,"6":4},"b":{"0":[0,0]},"_coverageSchema":"332fd63041d2c1bcb487cc26dd0d5f7d97098a6c","hash":"32a225a5186ccb6d03341f94f1572377d5bf8fdd"}
,"/Users/pavelluz/webDev/ReactTraining/github-battleV2/app/components/PlayerPreview.js": {"path":"/Users/pavelluz/webDev/ReactTraining/github-battleV2/app/components/PlayerPreview.js","statementMap":{"0":{"start":{"line":4,"column":22},"end":{"line":18,"column":3}},"1":{"start":{"line":5,"column":2},"end":{"line":17,"column":8}},"2":{"start":{"line":20,"column":0},"end":{"line":23,"column":2}}},"fnMap":{"0":{"name":"(anonymous_0)","decl":{"start":{"line":4,"column":22},"end":{"line":4,"column":23}},"loc":{"start":{"line":5,"column":2},"end":{"line":17,"column":8}},"line":5}},"branchMap":{},"s":{"0":1,"1":2,"2":1},"f":{"0":2},"b":{},"_coverageSchema":"332fd63041d2c1bcb487cc26dd0d5f7d97098a6c","hash":"ebcd56ba4a5509a6b64b23ed83962ac2156f841f"}
,"/Users/pavelluz/webDev/ReactTraining/github-battleV2/app/components/Popular.js": {"path":"/Users/pavelluz/webDev/ReactTraining/github-battleV2/app/components/Popular.js","statementMap":{"0":{"start":{"line":7,"column":17},"end":{"line":33,"column":1}},"1":{"start":{"line":8,"column":2},"end":{"line":32,"column":7}},"2":{"start":{"line":10,"column":6},"end":{"line":30,"column":11}},"3":{"start":{"line":34,"column":0},"end":{"line":36,"column":2}},"4":{"start":{"line":37,"column":23},"end":{"line":52,"column":1}},"5":{"start":{"line":38,"column":20},"end":{"line":38,"column":74}},"6":{"start":{"line":39,"column":2},"end":{"line":51,"column":4}},"7":{"start":{"line":42,"column":8},"end":{"line":48,"column":13}},"8":{"start":{"line":54,"column":0},"end":{"line":57,"column":2}},"9":{"start":{"line":62,"column":4},"end":{"line":62,"column":17}},"10":{"start":{"line":63,"column":4},"end":{"line":66,"column":6}},"11":{"start":{"line":68,"column":4},"end":{"line":68,"column":57}},"12":{"start":{"line":73,"column":4},"end":{"line":73,"column":53}},"13":{"start":{"line":78,"column":4},"end":{"line":78,"column":67}},"14":{"start":{"line":78,"column":25},"end":{"line":78,"column":64}},"15":{"start":{"line":80,"column":4},"end":{"line":88,"column":6}},"16":{"start":{"line":82,"column":8},"end":{"line":86,"column":11}},"17":{"start":{"line":83,"column":10},"end":{"line":85,"column":12}},"18":{"start":{"line":93,"column":4},"end":{"line":103,"column":6}}},"fnMap":{"0":{"name":"(anonymous_0)","decl":{"start":{"line":7,"column":17},"end":{"line":7,"column":18}},"loc":{"start":{"line":8,"column":2},"end":{"line":32,"column":7}},"line":8},"1":{"name":"(anonymous_1)","decl":{"start":{"line":9,"column":21},"end":{"line":9,"column":22}},"loc":{"start":{"line":10,"column":6},"end":{"line":30,"column":11}},"line":10},"2":{"name":"(anonymous_2)","decl":{"start":{"line":37,"column":23},"end":{"line":37,"column":24}},"loc":{"start":{"line":37,"column":32},"end":{"line":52,"column":1}},"line":37},"3":{"name":"(anonymous_3)","decl":{"start":{"line":41,"column":21},"end":{"line":41,"column":22}},"loc":{"start":{"line":42,"column":8},"end":{"line":48,"column":13}},"line":42},"4":{"name":"(anonymous_4)","decl":{"start":{"line":61,"column":2},"end":{"line":61,"column":3}},"loc":{"start":{"line":61,"column":21},"end":{"line":69,"column":3}},"line":61},"5":{"name":"(anonymous_5)","decl":{"start":{"line":72,"column":2},"end":{"line":72,"column":3}},"loc":{"start":{"line":72,"column":22},"end":{"line":74,"column":3}},"line":72},"6":{"name":"(anonymous_6)","decl":{"start":{"line":77,"column":2},"end":{"line":77,"column":3}},"loc":{"start":{"line":77,"column":23},"end":{"line":89,"column":3}},"line":77},"7":{"name":"(anonymous_7)","decl":{"start":{"line":78,"column":18},"end":{"line":78,"column":19}},"loc":{"start":{"line":78,"column":25},"end":{"line":78,"column":64}},"line":78},"8":{"name":"(anonymous_8)","decl":{"start":{"line":81,"column":6},"end":{"line":81,"column":7}},"loc":{"start":{"line":81,"column":22},"end":{"line":87,"column":7}},"line":81},"9":{"name":"(anonymous_9)","decl":{"start":{"line":82,"column":22},"end":{"line":82,"column":23}},"loc":{"start":{"line":82,"column":33},"end":{"line":86,"column":9}},"line":82},"10":{"name":"(anonymous_10)","decl":{"start":{"line":91,"column":2},"end":{"line":91,"column":3}},"loc":{"start":{"line":91,"column":11},"end":{"line":104,"column":3}},"line":91}},"branchMap":{"0":{"loc":{"start":{"line":43,"column":17},"end":{"line":43,"column":78}},"type":"cond-expr","locations":[{"start":{"line":43,"column":51},"end":{"line":43,"column":71}},{"start":{"line":43,"column":74},"end":{"line":43,"column":78}}],"line":43},"1":{"loc":{"start":{"line":99,"column":9},"end":{"line":101,"column":49}},"type":"cond-expr","locations":[{"start":{"line":100,"column":13},"end":{"line":100,"column":24}},{"start":{"line":101,"column":12},"end":{"line":101,"column":49}}],"line":99}},"s":{"0":1,"1":0,"2":0,"3":1,"4":1,"5":4,"6":4,"7":24,"8":1,"9":2,"10":2,"11":2,"12":2,"13":2,"14":2,"15":2,"16":0,"17":0,"18":4},"f":{"0":0,"1":0,"2":4,"3":24,"4":2,"5":2,"6":2,"7":2,"8":0,"9":0,"10":4},"b":{"0":[4,20],"1":[4,0]},"_coverageSchema":"332fd63041d2c1bcb487cc26dd0d5f7d97098a6c","hash":"0530078a01503f27528d355559f2af8ea7c1f9e0"}
,"/Users/pavelluz/webDev/ReactTraining/github-battleV2/app/utils/api.js": {"path":"/Users/pavelluz/webDev/ReactTraining/github-battleV2/app/utils/api.js","statementMap":{"0":{"start":{"line":1,"column":12},"end":{"line":1,"column":28}},"1":{"start":{"line":3,"column":11},"end":{"line":3,"column":27}},"2":{"start":{"line":4,"column":12},"end":{"line":4,"column":28}},"3":{"start":{"line":5,"column":15},"end":{"line":5,"column":59}},"4":{"start":{"line":7,"column":19},"end":{"line":10,"column":28}},"5":{"start":{"line":8,"column":2},"end":{"line":10,"column":28}},"6":{"start":{"line":10,"column":18},"end":{"line":10,"column":27}},"7":{"start":{"line":12,"column":17},"end":{"line":19,"column":3}},"8":{"start":{"line":13,"column":2},"end":{"line":19,"column":3}},"9":{"start":{"line":21,"column":21},"end":{"line":22,"column":70}},"10":{"start":{"line":22,"column":2},"end":{"line":22,"column":70}},"11":{"start":{"line":22,"column":37},"end":{"line":22,"column":66}},"12":{"start":{"line":24,"column":23},"end":{"line":29,"column":1}},"13":{"start":{"line":25,"column":20},"end":{"line":25,"column":37}},"14":{"start":{"line":26,"column":21},"end":{"line":26,"column":40}},"15":{"start":{"line":28,"column":2},"end":{"line":28,"column":36}},"16":{"start":{"line":31,"column":20},"end":{"line":34,"column":1}},"17":{"start":{"line":32,"column":2},"end":{"line":32,"column":22}},"18":{"start":{"line":33,"column":2},"end":{"line":33,"column":14}},"19":{"start":{"line":36,"column":20},"end":{"line":45,"column":4}},"20":{"start":{"line":37,"column":2},"end":{"line":45,"column":4}},"21":{"start":{"line":38,"column":20},"end":{"line":38,"column":27}},"22":{"start":{"line":39,"column":18},"end":{"line":39,"column":25}},"23":{"start":{"line":41,"column":4},"end":{"line":44,"column":6}},"24":{"start":{"line":47,"column":20},"end":{"line":47,"column":72}},"25":{"start":{"line":47,"column":31},"end":{"line":47,"column":72}},"26":{"start":{"line":47,"column":54},"end":{"line":47,"column":71}},"27":{"start":{"line":51,"column":4},"end":{"line":51,"column":76}},"28":{"start":{"line":54,"column":21},"end":{"line":58,"column":5}},"29":{"start":{"line":60,"column":4},"end":{"line":60,"column":71}},"30":{"start":{"line":60,"column":50},"end":{"line":60,"column":69}}},"fnMap":{"0":{"name":"(anonymous_0)","decl":{"start":{"line":7,"column":19},"end":{"line":7,"column":20}},"loc":{"start":{"line":8,"column":2},"end":{"line":10,"column":28}},"line":8},"1":{"name":"(anonymous_1)","decl":{"start":{"line":10,"column":10},"end":{"line":10,"column":11}},"loc":{"start":{"line":10,"column":18},"end":{"line":10,"column":27}},"line":10},"2":{"name":"(anonymous_2)","decl":{"start":{"line":12,"column":17},"end":{"line":12,"column":18}},"loc":{"start":{"line":13,"column":2},"end":{"line":19,"column":3}},"line":13},"3":{"name":"(anonymous_3)","decl":{"start":{"line":21,"column":21},"end":{"line":21,"column":22}},"loc":{"start":{"line":22,"column":2},"end":{"line":22,"column":70}},"line":22},"4":{"name":"(anonymous_4)","decl":{"start":{"line":22,"column":20},"end":{"line":22,"column":21}},"loc":{"start":{"line":22,"column":37},"end":{"line":22,"column":66}},"line":22},"5":{"name":"(anonymous_5)","decl":{"start":{"line":24,"column":23},"end":{"line":24,"column":24}},"loc":{"start":{"line":24,"column":43},"end":{"line":29,"column":1}},"line":24},"6":{"name":"(anonymous_6)","decl":{"start":{"line":31,"column":20},"end":{"line":31,"column":21}},"loc":{"start":{"line":31,"column":29},"end":{"line":34,"column":1}},"line":31},"7":{"name":"(anonymous_7)","decl":{"start":{"line":36,"column":20},"end":{"line":36,"column":21}},"loc":{"start":{"line":37,"column":2},"end":{"line":45,"column":4}},"line":37},"8":{"name":"(anonymous_8)","decl":{"start":{"line":37,"column":57},"end":{"line":37,"column":58}},"loc":{"start":{"line":37,"column":65},"end":{"line":45,"column":3}},"line":37},"9":{"name":"(anonymous_9)","decl":{"start":{"line":47,"column":20},"end":{"line":47,"column":21}},"loc":{"start":{"line":47,"column":31},"end":{"line":47,"column":72}},"line":47},"10":{"name":"(anonymous_10)","decl":{"start":{"line":47,"column":44},"end":{"line":47,"column":45}},"loc":{"start":{"line":47,"column":54},"end":{"line":47,"column":71}},"line":47},"11":{"name":"(anonymous_11)","decl":{"start":{"line":50,"column":10},"end":{"line":50,"column":11}},"loc":{"start":{"line":51,"column":4},"end":{"line":51,"column":76}},"line":51},"12":{"name":"(anonymous_12)","decl":{"start":{"line":53,"column":21},"end":{"line":53,"column":22}},"loc":{"start":{"line":53,"column":40},"end":{"line":61,"column":3}},"line":53},"13":{"name":"(anonymous_13)","decl":{"start":{"line":60,"column":38},"end":{"line":60,"column":39}},"loc":{"start":{"line":60,"column":50},"end":{"line":60,"column":69}},"line":60}},"branchMap":{},"s":{"0":1,"1":1,"2":1,"3":1,"4":1,"5":0,"6":0,"7":1,"8":0,"9":1,"10":0,"11":0,"12":1,"13":0,"14":0,"15":0,"16":1,"17":0,"18":0,"19":1,"20":0,"21":0,"22":0,"23":0,"24":1,"25":0,"26":0,"27":0,"28":2,"29":2,"30":0},"f":{"0":0,"1":0,"2":0,"3":0,"4":0,"5":0,"6":0,"7":0,"8":0,"9":0,"10":0,"11":0,"12":2,"13":0},"b":{},"_coverageSchema":"332fd63041d2c1bcb487cc26dd0d5f7d97098a6c","hash":"1fe5c956171a009b21317dce774c2fd6163237f3"}
}
