TN:
SF:/Users/pavelluz/webDev/ReactTraining/github-battleV2/app/components/Loading.js
FN:11,(anonymous_0)
FN:19,(anonymous_1)
FN:21,(anonymous_2)
FN:23,(anonymous_3)
FN:28,(anonymous_4)
FN:35,(anonymous_5)
FN:38,(anonymous_6)
FNF:7
FNH:3
FNDA:2,(anonymous_0)
FNDA:2,(anonymous_1)
FNDA:0,(anonymous_2)
FNDA:0,(anonymous_3)
FNDA:0,(anonymous_4)
FNDA:0,(anonymous_5)
FNDA:4,(anonymous_6)
DA:4,1
DA:12,2
DA:14,2
DA:20,2
DA:21,2
DA:22,0
DA:23,0
DA:24,0
DA:28,0
DA:29,0
DA:36,0
DA:39,4
DA:47,1
DA:51,1
LF:14
LH:8
BRDA:22,0,0,0
BRDA:22,0,1,0
BRF:2
BRH:0
end_of_record
TN:
SF:/Users/pavelluz/webDev/ReactTraining/github-battleV2/app/components/PlayerPreview.js
FN:4,(anonymous_0)
FNF:1
FNH:1
FNDA:2,(anonymous_0)
DA:4,1
DA:5,2
DA:20,1
LF:3
LH:3
BRF:0
BRH:0
end_of_record
TN:
SF:/Users/pavelluz/webDev/ReactTraining/github-battleV2/app/components/Popular.js
FN:7,(anonymous_0)
FN:9,(anonymous_1)
FN:37,(anonymous_2)
FN:41,(anonymous_3)
FN:61,(anonymous_4)
FN:72,(anonymous_5)
FN:77,(anonymous_6)
FN:78,(anonymous_7)
FN:81,(anonymous_8)
FN:82,(anonymous_9)
FN:91,(anonymous_10)
FNF:11
FNH:7
FNDA:0,(anonymous_0)
FNDA:0,(anonymous_1)
FNDA:4,(anonymous_2)
FNDA:24,(anonymous_3)
FNDA:2,(anonymous_4)
FNDA:2,(anonymous_5)
FNDA:2,(anonymous_6)
FNDA:2,(anonymous_7)
FNDA:0,(anonymous_8)
FNDA:0,(anonymous_9)
FNDA:4,(anonymous_10)
DA:7,1
DA:8,0
DA:10,0
DA:34,1
DA:37,1
DA:38,4
DA:39,4
DA:42,24
DA:54,1
DA:62,2
DA:63,2
DA:68,2
DA:73,2
DA:78,2
DA:80,2
DA:82,0
DA:83,0
DA:93,4
LF:18
LH:14
BRDA:43,0,0,4
BRDA:43,0,1,20
BRDA:99,1,0,4
BRDA:99,1,1,0
BRF:4
BRH:3
end_of_record
TN:
SF:/Users/pavelluz/webDev/ReactTraining/github-battleV2/app/utils/api.js
FN:7,(anonymous_0)
FN:10,(anonymous_1)
FN:12,(anonymous_2)
FN:21,(anonymous_3)
FN:22,(anonymous_4)
FN:24,(anonymous_5)
FN:31,(anonymous_6)
FN:36,(anonymous_7)
FN:37,(anonymous_8)
FN:47,(anonymous_9)
FN:47,(anonymous_10)
FN:50,(anonymous_11)
FN:53,(anonymous_12)
FN:60,(anonymous_13)
FNF:14
FNH:1
FNDA:0,(anonymous_0)
FNDA:0,(anonymous_1)
FNDA:0,(anonymous_2)
FNDA:0,(anonymous_3)
FNDA:0,(anonymous_4)
FNDA:0,(anonymous_5)
FNDA:0,(anonymous_6)
FNDA:0,(anonymous_7)
FNDA:0,(anonymous_8)
FNDA:0,(anonymous_9)
FNDA:0,(anonymous_10)
FNDA:0,(anonymous_11)
FNDA:2,(anonymous_12)
FNDA:0,(anonymous_13)
DA:1,1
DA:3,1
DA:4,1
DA:5,1
DA:7,1
DA:8,0
DA:10,0
DA:12,1
DA:13,0
DA:21,1
DA:22,0
DA:24,1
DA:25,0
DA:26,0
DA:28,0
DA:31,1
DA:32,0
DA:33,0
DA:36,1
DA:37,0
DA:38,0
DA:39,0
DA:41,0
DA:47,1
DA:51,0
DA:54,2
DA:60,2
LF:27
LH:13
BRF:0
BRH:0
end_of_record
